mode: atomic
github.com/voi-oss/svc/config.go:11.44,13.2 1 2
github.com/voi-oss/svc/config.go:17.96,18.60 1 3
github.com/voi-oss/svc/config.go:18.60,20.3 1 1
github.com/voi-oss/svc/config.go:21.2,21.55 1 2
github.com/voi-oss/svc/config.go:21.55,23.3 1 1
github.com/voi-oss/svc/config.go:24.2,24.12 1 1
github.com/voi-oss/svc/http.go:21.87,32.2 2 4
github.com/voi-oss/svc/http.go:35.53,39.2 2 4
github.com/voi-oss/svc/http.go:42.38,44.2 1 2
github.com/voi-oss/svc/http.go:47.34,49.71 2 4
github.com/voi-oss/svc/http.go:49.71,51.3 1 3
github.com/voi-oss/svc/http.go:52.2,52.12 1 3
github.com/voi-oss/svc/http.go:56.40,58.2 1 3
github.com/voi-oss/svc/logger.go:13.102,28.2 5 23
github.com/voi-oss/svc/logger.go:32.30,33.28 1 0
github.com/voi-oss/svc/logger.go:33.28,41.59 2 0
github.com/voi-oss/svc/logger.go:41.59,43.4 1 0
github.com/voi-oss/svc/logger.go:45.3,46.42 1 0
github.com/voi-oss/svc/logger.go:46.42,48.19 2 0
github.com/voi-oss/svc/logger.go:48.19,50.6 1 0
github.com/voi-oss/svc/logger.go:51.5,52.15 2 0
github.com/voi-oss/svc/logger.go:54.3,54.13 1 0
github.com/voi-oss/svc/logger.go:59.66,60.28 1 0
github.com/voi-oss/svc/logger.go:60.28,62.3 1 0
github.com/voi-oss/svc/logger.go:67.55,68.28 1 17
github.com/voi-oss/svc/logger.go:68.28,76.3 4 17
github.com/voi-oss/svc/logger.go:81.54,82.28 1 2
github.com/voi-oss/svc/logger.go:82.28,90.3 4 2
github.com/voi-oss/svc/logger.go:95.72,96.28 1 2
github.com/voi-oss/svc/logger.go:96.28,106.3 5 2
github.com/voi-oss/svc/logger.go:111.76,112.28 1 2
github.com/voi-oss/svc/logger.go:112.28,120.3 4 2
github.com/voi-oss/svc/logger.go:123.75,125.16 2 23
github.com/voi-oss/svc/logger.go:125.16,127.3 1 0
github.com/voi-oss/svc/logger.go:128.2,129.16 2 23
github.com/voi-oss/svc/logger.go:129.16,131.3 1 0
github.com/voi-oss/svc/logger.go:133.2,138.12 5 23
github.com/voi-oss/svc/options.go:19.56,20.28 1 0
github.com/voi-oss/svc/options.go:20.28,24.3 2 0
github.com/voi-oss/svc/options.go:28.57,29.28 1 0
github.com/voi-oss/svc/options.go:29.28,33.3 2 0
github.com/voi-oss/svc/options.go:38.47,39.28 1 0
github.com/voi-oss/svc/options.go:39.28,42.3 2 0
github.com/voi-oss/svc/options.go:48.36,49.28 1 0
github.com/voi-oss/svc/options.go:49.28,53.3 2 0
github.com/voi-oss/svc/options.go:58.41,59.28 1 4
github.com/voi-oss/svc/options.go:59.28,64.3 3 4
github.com/voi-oss/svc/options.go:68.27,69.28 1 0
github.com/voi-oss/svc/options.go:69.28,79.56 3 0
github.com/voi-oss/svc/options.go:79.56,81.4 1 0
github.com/voi-oss/svc/options.go:83.3,83.13 1 0
github.com/voi-oss/svc/options.go:89.34,90.28 1 0
github.com/voi-oss/svc/options.go:90.28,97.3 2 0
github.com/voi-oss/svc/options.go:102.33,103.28 1 0
github.com/voi-oss/svc/options.go:103.28,119.3 12 0
github.com/voi-oss/svc/options.go:124.27,125.28 1 4
github.com/voi-oss/svc/options.go:125.28,127.77 1 4
github.com/voi-oss/svc/options.go:127.77,129.32 2 2
github.com/voi-oss/svc/options.go:129.32,130.33 1 4
github.com/voi-oss/svc/options.go:130.33,131.39 1 2
github.com/voi-oss/svc/options.go:131.39,133.7 1 1
github.com/voi-oss/svc/options.go:136.4,136.22 1 2
github.com/voi-oss/svc/options.go:136.22,140.5 3 1
github.com/voi-oss/svc/options.go:142.4,144.18 3 1
github.com/voi-oss/svc/options.go:144.18,147.5 2 0
github.com/voi-oss/svc/options.go:148.4,150.21 3 1
github.com/voi-oss/svc/options.go:154.3,154.78 1 4
github.com/voi-oss/svc/options.go:154.78,156.32 2 2
github.com/voi-oss/svc/options.go:156.32,157.35 1 4
github.com/voi-oss/svc/options.go:157.35,158.41 1 4
github.com/voi-oss/svc/options.go:158.41,160.7 1 1
github.com/voi-oss/svc/options.go:163.4,163.21 1 2
github.com/voi-oss/svc/options.go:163.21,166.19 3 1
github.com/voi-oss/svc/options.go:166.19,169.6 2 0
github.com/voi-oss/svc/options.go:170.5,172.22 3 1
github.com/voi-oss/svc/options.go:176.3,176.13 1 4
github.com/voi-oss/svc/svc.go:56.62,72.51 2 15
github.com/voi-oss/svc/svc.go:72.51,74.3 1 0
github.com/voi-oss/svc/svc.go:76.2,80.25 3 15
github.com/voi-oss/svc/svc.go:80.25,81.30 1 16
github.com/voi-oss/svc/svc.go:81.30,83.4 1 0
github.com/voi-oss/svc/svc.go:86.2,86.15 1 15
github.com/voi-oss/svc/svc.go:91.48,92.42 1 13
github.com/voi-oss/svc/svc.go:92.42,94.3 1 0
github.com/voi-oss/svc/svc.go:95.2,95.32 1 13
github.com/voi-oss/svc/svc.go:95.32,97.3 1 0
github.com/voi-oss/svc/svc.go:98.2,98.30 1 13
github.com/voi-oss/svc/svc.go:98.30,100.3 1 4
github.com/voi-oss/svc/svc.go:101.2,101.31 1 13
github.com/voi-oss/svc/svc.go:101.31,103.3 1 0
github.com/voi-oss/svc/svc.go:103.8,105.3 1 13
github.com/voi-oss/svc/svc.go:107.2,108.21 2 13
github.com/voi-oss/svc/svc.go:113.87,116.2 2 0
github.com/voi-oss/svc/svc.go:118.57,121.2 2 0
github.com/voi-oss/svc/svc.go:125.21,128.15 2 7
github.com/voi-oss/svc/svc.go:128.15,134.3 5 6
github.com/voi-oss/svc/svc.go:137.2,137.38 1 7
github.com/voi-oss/svc/svc.go:137.38,141.50 4 13
github.com/voi-oss/svc/svc.go:141.50,143.32 1 0
github.com/voi-oss/svc/svc.go:143.32,143.71 1 0
github.com/voi-oss/svc/svc.go:144.9,146.4 1 13
github.com/voi-oss/svc/svc.go:147.3,147.17 1 13
github.com/voi-oss/svc/svc.go:147.17,150.4 2 0
github.com/voi-oss/svc/svc.go:151.3,151.60 1 13
github.com/voi-oss/svc/svc.go:154.2,156.33 3 7
github.com/voi-oss/svc/svc.go:156.33,158.34 2 13
github.com/voi-oss/svc/svc.go:158.34,160.34 2 13
github.com/voi-oss/svc/svc.go:160.34,163.5 2 1
github.com/voi-oss/svc/svc.go:167.2,169.9 2 7
github.com/voi-oss/svc/svc.go:170.21,171.40 1 1
github.com/voi-oss/svc/svc.go:171.40,173.4 1 0
github.com/voi-oss/svc/svc.go:174.3,174.59 1 1
github.com/voi-oss/svc/svc.go:175.26,176.69 1 1
github.com/voi-oss/svc/svc.go:177.30,178.45 1 4
github.com/voi-oss/svc/svc.go:187.26,189.2 1 1
github.com/voi-oss/svc/svc.go:192.39,193.16 1 0
github.com/voi-oss/svc/svc.go:193.16,194.34 1 0
github.com/voi-oss/svc/svc.go:194.34,195.14 1 0
github.com/voi-oss/svc/svc.go:197.3,198.13 2 0
github.com/voi-oss/svc/svc.go:200.2,200.10 1 0
github.com/voi-oss/svc/svc.go:204.36,206.2 1 0
github.com/voi-oss/svc/svc.go:208.34,214.12 4 6
github.com/voi-oss/svc/svc.go:214.12,217.45 3 6
github.com/voi-oss/svc/svc.go:217.45,218.28 1 11
github.com/voi-oss/svc/svc.go:218.28,220.41 2 11
github.com/voi-oss/svc/svc.go:220.41,224.6 1 0
github.com/voi-oss/svc/svc.go:225.5,225.67 1 11
github.com/voi-oss/svc/svc.go:229.2,230.41 2 6
github.com/voi-oss/svc/svc.go:233.60,234.9 1 6
github.com/voi-oss/svc/svc.go:235.29,235.29 0 6
github.com/voi-oss/svc/svc.go:236.23,236.23 0 0
github.com/voi-oss/svc/svc.go:240.58,242.12 2 13
github.com/voi-oss/svc/svc.go:242.12,245.3 2 13
github.com/voi-oss/svc/svc.go:246.2,246.10 1 13
github.com/voi-oss/svc/svc.go:249.81,251.30 2 12
github.com/voi-oss/svc/svc.go:251.30,252.31 1 0
github.com/voi-oss/svc/svc.go:252.31,256.4 2 0
github.com/voi-oss/svc/svc.go:256.9,258.4 1 0
github.com/voi-oss/svc/svc.go:262.70,263.25 1 0
github.com/voi-oss/svc/svc.go:263.25,265.3 1 0
github.com/voi-oss/svc/svc.go:266.2,266.30 1 0
